# JRE version: Java(TM) SE Runtime Environment (19.0.1+10) (build 19.0.1+10-21)
# Java VM: Java HotSpot(TM) 64-Bit Server VM (19.0.1+10-21, mixed mode, sharing, tiered, compressed oops, compressed class ptrs, g1 gc, windows-amd64)
GC Precious Log:
 CardTable entry size: 512
 Card Set container configuration: InlinePtr #cards 5 size 8 Array Of Cards #cards 12 size 40 Howl #buckets 4 coarsen threshold 1843 Howl Bitmap #cards 512 size 80 coarsen threshold 460 Card regions per heap region 1 cards per card region 2048
 CPUs: 8 total, 8 available
 Memory: 8074M
 Large Page Support: Disabled
 NUMA Support: Disabled
 Compressed Oops: Enabled (32-bit)
 Heap Region Size: 1M
 Heap Min Capacity: 8M
 Heap Initial Capacity: 128M
 Heap Max Capacity: 2020M
 Pre-touch: Disabled
 Parallel Workers: 8
 Concurrent Workers: 2
 Concurrent Refinement Workers: 8
 Periodic GC: Disabled
Heap:
 garbage-first heap   total 185344K, used 67844K [0x0000000081c00000, 0x0000000100000000)
  region size 1024K, 3 young (3072K), 3 survivors (3072K)
 Metaspace       used 60272K, committed 60608K, reserved 1114112K
  class space    used 6933K, committed 7104K, reserved 1048576K
GC Heap History (20 events):
Event: 8.475 GC heap after
{Heap after GC invocations=9 (full 0):
 garbage-first heap   total 99328K, used 28605K [0x0000000081c00000, 0x0000000100000000)
  region size 1024K, 1 young (1024K), 1 survivors (1024K)
 Metaspace       used 23506K, committed 23744K, reserved 1114112K
  class space    used 2525K, committed 2624K, reserved 1048576K
}
Event: 8.946 GC heap before
{Heap before GC invocations=9 (full 0):
 garbage-first heap   total 99328K, used 76733K [0x0000000081c00000, 0x0000000100000000)
  region size 1024K, 49 young (50176K), 1 survivors (1024K)
 Metaspace       used 25837K, committed 26112K, reserved 1114112K
  class space    used 2763K, committed 2880K, reserved 1048576K
}
Event: 8.949 GC heap after
{Heap after GC invocations=10 (full 0):
 garbage-first heap   total 99328K, used 31604K [0x0000000081c00000, 0x0000000100000000)
  region size 1024K, 4 young (4096K), 4 survivors (4096K)
 Metaspace       used 25837K, committed 26112K, reserved 1114112K
  class space    used 2763K, committed 2880K, reserved 1048576K
}
Event: 9.307 GC heap before
{Heap before GC invocations=10 (full 0):
 garbage-first heap   total 99328K, used 77684K [0x0000000081c00000, 0x0000000100000000)
  region size 1024K, 49 young (50176K), 4 survivors (4096K)
 Metaspace       used 27816K, committed 28096K, reserved 1114112K
  class space    used 2949K, committed 3072K, reserved 1048576K
}
Event: 9.315 GC heap after
{Heap after GC invocations=11 (full 0):
 garbage-first heap   total 99328K, used 34301K [0x0000000081c00000, 0x0000000100000000)
  region size 1024K, 3 young (3072K), 3 survivors (3072K)
 Metaspace       used 27816K, committed 28096K, reserved 1114112K
  class space    used 2949K, committed 3072K, reserved 1048576K
}
Event: 9.782 GC heap before
{Heap before GC invocations=11 (full 0):
 garbage-first heap   total 99328K, used 78333K [0x0000000081c00000, 0x0000000100000000)
  region size 1024K, 46 young (47104K), 3 survivors (3072K)
 Metaspace       used 29862K, committed 30144K, reserved 1114112K
  class space    used 3203K, committed 3328K, reserved 1048576K
}
Event: 9.792 GC heap after
{Heap after GC invocations=12 (full 0):
 garbage-first heap   total 283648K, used 36628K [0x0000000081c00000, 0x0000000100000000)
  region size 1024K, 6 young (6144K), 6 survivors (6144K)
 Metaspace       used 29862K, committed 30144K, reserved 1114112K
  class space    used 3203K, committed 3328K, reserved 1048576K
}
Event: 10.897 GC heap before
{Heap before GC invocations=12 (full 0):
 garbage-first heap   total 283648K, used 135956K [0x0000000081c00000, 0x0000000100000000)
  region size 1024K, 104 young (106496K), 6 survivors (6144K)
 Metaspace       used 35812K, committed 36160K, reserved 1114112K
  class space    used 3888K, committed 4096K, reserved 1048576K
}
Event: 10.907 GC heap after
{Heap after GC invocations=13 (full 0):
 garbage-first heap   total 283648K, used 43426K [0x0000000081c00000, 0x0000000100000000)
  region size 1024K, 12 young (12288K), 12 survivors (12288K)
 Metaspace       used 35812K, committed 36160K, reserved 1114112K
  class space    used 3888K, committed 4096K, reserved 1048576K
}
Event: 11.673 GC heap before
{Heap before GC invocations=14 (full 0):
 garbage-first heap   total 153600K, used 123298K [0x0000000081c00000, 0x0000000100000000)
  region size 1024K, 90 young (92160K), 12 survivors (12288K)
 Metaspace       used 41559K, committed 41920K, reserved 1114112K
  class space    used 4702K, committed 4864K, reserved 1048576K
}
Event: 11.686 GC heap after
{Heap after GC invocations=15 (full 0):
 garbage-first heap   total 153600K, used 48851K [0x0000000081c00000, 0x0000000100000000)
  region size 1024K, 6 young (6144K), 6 survivors (6144K)
 Metaspace       used 41559K, committed 41920K, reserved 1114112K
  class space    used 4702K, committed 4864K, reserved 1048576K
}
Event: 11.689 GC heap before
{Heap before GC invocations=15 (full 0):
 garbage-first heap   total 153600K, used 49875K [0x0000000081c00000, 0x0000000100000000)
  region size 1024K, 7 young (7168K), 6 survivors (6144K)
 Metaspace       used 41559K, committed 41920K, reserved 1114112K
  class space    used 4702K, committed 4864K, reserved 1048576K
}
Event: 11.694 GC heap after
{Heap after GC invocations=16 (full 0):
 garbage-first heap   total 153600K, used 49641K [0x0000000081c00000, 0x0000000100000000)
  region size 1024K, 1 young (1024K), 1 survivors (1024K)
 Metaspace       used 41559K, committed 41920K, reserved 1114112K
  class space    used 4702K, committed 4864K, reserved 1048576K
}
Event: 12.608 GC heap before
{Heap before GC invocations=16 (full 0):
 garbage-first heap   total 153600K, used 122345K [0x0000000081c00000, 0x0000000100000000)
  region size 1024K, 73 young (74752K), 1 survivors (1024K)
 Metaspace       used 50063K, committed 50432K, reserved 1114112K
  class space    used 5699K, committed 5888K, reserved 1048576K
}
Event: 12.618 GC heap after
{Heap after GC invocations=17 (full 0):
 garbage-first heap   total 153600K, used 56056K [0x0000000081c00000, 0x0000000100000000)
  region size 1024K, 8 young (8192K), 8 survivors (8192K)
 Metaspace       used 50063K, committed 50432K, reserved 1114112K
  class space    used 5699K, committed 5888K, reserved 1048576K
}
Event: 13.168 GC heap before
{Heap before GC invocations=17 (full 0):
 garbage-first heap   total 153600K, used 122616K [0x0000000081c00000, 0x0000000100000000)
  region size 1024K, 73 young (74752K), 8 survivors (8192K)
 Metaspace       used 53891K, committed 54272K, reserved 1114112K
  class space    used 6098K, committed 6272K, reserved 1048576K
}
Event: 13.179 GC heap after
{Heap after GC invocations=18 (full 0):
 garbage-first heap   total 153600K, used 60994K [0x0000000081c00000, 0x0000000100000000)
  region size 1024K, 6 young (6144K), 6 survivors (6144K)
 Metaspace       used 53891K, committed 54272K, reserved 1114112K
  class space    used 6098K, committed 6272K, reserved 1048576K
}
Event: 13.715 GC heap before
{Heap before GC invocations=18 (full 0):
 garbage-first heap   total 153600K, used 123458K [0x0000000081c00000, 0x0000000100000000)
  region size 1024K, 67 young (68608K), 6 survivors (6144K)
 Metaspace       used 57990K, committed 58368K, reserved 1114112K
  class space    used 6664K, committed 6848K, reserved 1048576K
}
Event: 13.722 GC heap after
{Heap after GC invocations=19 (full 0):
 garbage-first heap   total 153600K, used 65455K [0x0000000081c00000, 0x0000000100000000)
  region size 1024K, 6 young (6144K), 6 survivors (6144K)
 Metaspace       used 57990K, committed 58368K, reserved 1114112K
  class space    used 6664K, committed 6848K, reserved 1048576K
}
Event: 14.122 GC heap before
{Heap before GC invocations=19 (full 0):
 garbage-first heap   total 153600K, used 100271K [0x0000000081c00000, 0x0000000100000000)
  region size 1024K, 41 young (41984K), 6 survivors (6144K)
 Metaspace       used 60272K, committed 60608K, reserved 1114112K
  class space    used 6933K, committed 7104K, reserved 1048576K
}

